2024-10-31 20:12:10 error: uncaughtException: Cannot read properties of undefined (reading 'CONTRACT_ADDRESS')
TypeError: Cannot read properties of undefined (reading 'CONTRACT_ADDRESS')
    at Object.<anonymous> (/Users/emma/Desktop/Repo/Servare/apps/backend/src/utils/thor.ts:11:10)
    at Module._compile (node:internal/modules/cjs/loader:1546:14)
    at Module.m._compile (/Users/emma/Desktop/Repo/Servare/node_modules/ts-node/src/index.ts:1618:23)
    at Module._extensions..js (node:internal/modules/cjs/loader:1691:10)
    at Object.require.extensions.<computed> [as .ts] (/Users/emma/Desktop/Repo/Servare/node_modules/ts-node/src/index.ts:1621:12)
    at Module.load (node:internal/modules/cjs/loader:1317:32)
    at Function.Module._load (node:internal/modules/cjs/loader:1127:12)
    at TracingChannel.traceSync (node:diagnostics_channel:315:14)
    at wrapModuleLoad (node:internal/modules/cjs/loader:217:24)
    at Module.require (node:internal/modules/cjs/loader:1339:12)
2024-10-31 21:15:06 error: uncaughtException: Cannot read properties of undefined (reading 'CONTRACT_ADDRESS')
TypeError: Cannot read properties of undefined (reading 'CONTRACT_ADDRESS')
    at Object.<anonymous> (/Users/emma/Desktop/Repo/Servare/apps/backend/src/utils/thor.ts:11:10)
    at Module._compile (node:internal/modules/cjs/loader:1546:14)
    at Module.m._compile (/Users/emma/Desktop/Repo/Servare/node_modules/ts-node/src/index.ts:1618:23)
    at Module._extensions..js (node:internal/modules/cjs/loader:1691:10)
    at Object.require.extensions.<computed> [as .ts] (/Users/emma/Desktop/Repo/Servare/node_modules/ts-node/src/index.ts:1621:12)
    at Module.load (node:internal/modules/cjs/loader:1317:32)
    at Function.Module._load (node:internal/modules/cjs/loader:1127:12)
    at TracingChannel.traceSync (node:diagnostics_channel:315:14)
    at wrapModuleLoad (node:internal/modules/cjs/loader:217:24)
    at Module.require (node:internal/modules/cjs/loader:1339:12)
2024-10-31 21:15:45 error: uncaughtException: Cannot read properties of undefined (reading 'CONTRACT_ADDRESS')
TypeError: Cannot read properties of undefined (reading 'CONTRACT_ADDRESS')
    at Object.<anonymous> (/Users/emma/Desktop/Repo/Servare/apps/backend/src/utils/thor.ts:11:10)
    at Module._compile (node:internal/modules/cjs/loader:1546:14)
    at Module.m._compile (/Users/emma/Desktop/Repo/Servare/node_modules/ts-node/src/index.ts:1618:23)
    at Module._extensions..js (node:internal/modules/cjs/loader:1691:10)
    at Object.require.extensions.<computed> [as .ts] (/Users/emma/Desktop/Repo/Servare/node_modules/ts-node/src/index.ts:1621:12)
    at Module.load (node:internal/modules/cjs/loader:1317:32)
    at Function.Module._load (node:internal/modules/cjs/loader:1127:12)
    at TracingChannel.traceSync (node:diagnostics_channel:315:14)
    at wrapModuleLoad (node:internal/modules/cjs/loader:217:24)
    at Module.require (node:internal/modules/cjs/loader:1339:12)
